[ 2024-09-30 13:01:47,578 ] root - INFO - 
[ 2024-09-30 17:33:19,039 ] root - INFO - 
[ 2024-09-30 17:40:59,774 ] comtypes.client._code_cache - INFO - Imported existing <module 'comtypes.gen' from 'C:\\Users\\kathi\\anaconda3\\envs\\aiassistant\\lib\\site-packages\\comtypes\\gen\\__init__.py'>
[ 2024-09-30 17:40:59,775 ] comtypes.client._code_cache - INFO - Using writeable comtypes cache directory: 'C:\Users\kathi\anaconda3\envs\aiassistant\lib\site-packages\comtypes\gen'
[ 2024-09-30 17:51:17,723 ] comtypes.client._code_cache - INFO - Imported existing <module 'comtypes.gen' from 'C:\\Users\\kathi\\anaconda3\\envs\\aiassistant\\lib\\site-packages\\comtypes\\gen\\__init__.py'>
[ 2024-09-30 17:51:17,724 ] comtypes.client._code_cache - INFO - Using writeable comtypes cache directory: 'C:\Users\kathi\anaconda3\envs\aiassistant\lib\site-packages\comtypes\gen'
[ 2024-09-30 17:51:34,993 ] root - INFO - 
[ 2024-09-30 17:51:42,093 ] comtypes.client._code_cache - INFO - Imported existing <module 'comtypes.gen' from 'C:\\Users\\kathi\\anaconda3\\envs\\aiassistant\\lib\\site-packages\\comtypes\\gen\\__init__.py'>
[ 2024-09-30 17:51:42,101 ] comtypes.client._code_cache - INFO - Using writeable comtypes cache directory: 'C:\Users\kathi\anaconda3\envs\aiassistant\lib\site-packages\comtypes\gen'
[ 2024-09-30 17:52:55,896 ] comtypes.client._code_cache - INFO - Imported existing <module 'comtypes.gen' from 'C:\\Users\\kathi\\anaconda3\\envs\\aiassistant\\lib\\site-packages\\comtypes\\gen\\__init__.py'>
[ 2024-09-30 17:52:55,896 ] comtypes.client._code_cache - INFO - Using writeable comtypes cache directory: 'C:\Users\kathi\anaconda3\envs\aiassistant\lib\site-packages\comtypes\gen'
[ 2024-09-30 17:54:18,453 ] comtypes.client._code_cache - INFO - Imported existing <module 'comtypes.gen' from 'C:\\Users\\kathi\\anaconda3\\envs\\aiassistant\\lib\\site-packages\\comtypes\\gen\\__init__.py'>
[ 2024-09-30 17:54:18,453 ] comtypes.client._code_cache - INFO - Using writeable comtypes cache directory: 'C:\Users\kathi\anaconda3\envs\aiassistant\lib\site-packages\comtypes\gen'
[ 2024-09-30 17:55:12,674 ] root - INFO - 
[ 2024-09-30 17:55:36,817 ] root - INFO - 
[ 2024-09-30 17:55:45,768 ] root - INFO - 
[ 2024-09-30 17:55:55,168 ] root - INFO - 
[ 2024-09-30 17:56:06,038 ] root - INFO - 
[ 2024-09-30 17:56:10,910 ] root - INFO - 
[ 2024-09-30 17:56:40,758 ] root - INFO - 
[ 2024-09-30 17:57:33,590 ] root - INFO - 
[ 2024-09-30 17:57:58,864 ] root - INFO - 
[ 2024-09-30 17:58:22,607 ] root - INFO - 
[ 2024-09-30 17:58:30,527 ] root - INFO - 
[ 2024-09-30 17:58:38,732 ] root - INFO - 
[ 2024-09-30 17:58:47,432 ] root - INFO - 
[ 2024-09-30 17:58:56,752 ] root - INFO - 
[ 2024-09-30 18:25:03,462 ] gtts.lang - WARNING - 'en-IN' has been deprecated, falling back to 'en'. This fallback will be removed in a future version.
[ 2024-09-30 18:28:53,483 ] root - INFO - 
[ 2024-09-30 18:33:35,523 ] root - INFO - 
[ 2024-09-30 18:33:35,930 ] root - ERROR - An error occurred: 400 API key not valid. Please pass a valid API key. [reason: "API_KEY_INVALID"
domain: "googleapis.com"
metadata {
  key: "service"
  value: "generativelanguage.googleapis.com"
}
]
[ 2024-09-30 18:37:05,452 ] comtypes.client._code_cache - INFO - Imported existing <module 'comtypes.gen' from 'C:\\Users\\kathi\\anaconda3\\envs\\aiassistant\\lib\\site-packages\\comtypes\\gen\\__init__.py'>
[ 2024-09-30 18:37:05,452 ] comtypes.client._code_cache - INFO - Using writeable comtypes cache directory: 'C:\Users\kathi\anaconda3\envs\aiassistant\lib\site-packages\comtypes\gen'
[ 2024-09-30 18:37:20,857 ] root - INFO - 
[ 2024-09-30 18:37:26,078 ] root - INFO - 
[ 2024-09-30 18:37:30,474 ] root - INFO - 
[ 2024-09-30 18:37:34,304 ] root - INFO - 
[ 2024-09-30 18:37:39,797 ] root - INFO - 
[ 2024-09-30 18:37:42,247 ] root - INFO - 
[ 2024-09-30 18:37:48,095 ] root - INFO - 
[ 2024-09-30 18:37:58,131 ] root - INFO - 
[ 2024-09-30 18:38:01,330 ] root - INFO - 
[ 2024-09-30 18:38:04,570 ] root - INFO - 
[ 2024-09-30 18:38:12,966 ] root - INFO - 
[ 2024-09-30 18:38:15,640 ] root - INFO - 
[ 2024-09-30 18:38:18,717 ] root - INFO - 
[ 2024-09-30 18:38:23,342 ] root - INFO - 
[ 2024-09-30 18:38:27,292 ] root - INFO - 
[ 2024-09-30 18:38:30,049 ] root - INFO - 
[ 2024-09-30 18:38:33,237 ] root - INFO - 
[ 2024-09-30 18:39:25,684 ] comtypes.client._code_cache - INFO - Imported existing <module 'comtypes.gen' from 'C:\\Users\\kathi\\anaconda3\\envs\\aiassistant\\lib\\site-packages\\comtypes\\gen\\__init__.py'>
[ 2024-09-30 18:39:25,684 ] comtypes.client._code_cache - INFO - Using writeable comtypes cache directory: 'C:\Users\kathi\anaconda3\envs\aiassistant\lib\site-packages\comtypes\gen'
[ 2024-09-30 18:40:31,247 ] comtypes.client._code_cache - INFO - Imported existing <module 'comtypes.gen' from 'C:\\Users\\kathi\\anaconda3\\envs\\aiassistant\\lib\\site-packages\\comtypes\\gen\\__init__.py'>
[ 2024-09-30 18:40:31,247 ] comtypes.client._code_cache - INFO - Using writeable comtypes cache directory: 'C:\Users\kathi\anaconda3\envs\aiassistant\lib\site-packages\comtypes\gen'
[ 2024-09-30 18:40:40,641 ] root - INFO - 
[ 2024-09-30 18:42:21,743 ] comtypes.client._code_cache - INFO - Imported existing <module 'comtypes.gen' from 'C:\\Users\\kathi\\anaconda3\\envs\\aiassistant\\lib\\site-packages\\comtypes\\gen\\__init__.py'>
[ 2024-09-30 18:42:21,743 ] comtypes.client._code_cache - INFO - Using writeable comtypes cache directory: 'C:\Users\kathi\anaconda3\envs\aiassistant\lib\site-packages\comtypes\gen'
[ 2024-09-30 18:42:50,899 ] root - INFO - 
[ 2024-09-30 18:43:07,244 ] comtypes.client._code_cache - INFO - Imported existing <module 'comtypes.gen' from 'C:\\Users\\kathi\\anaconda3\\envs\\aiassistant\\lib\\site-packages\\comtypes\\gen\\__init__.py'>
[ 2024-09-30 18:43:07,244 ] comtypes.client._code_cache - INFO - Using writeable comtypes cache directory: 'C:\Users\kathi\anaconda3\envs\aiassistant\lib\site-packages\comtypes\gen'
[ 2024-09-30 18:45:16,276 ] comtypes.client._code_cache - INFO - Imported existing <module 'comtypes.gen' from 'C:\\Users\\kathi\\anaconda3\\envs\\aiassistant\\lib\\site-packages\\comtypes\\gen\\__init__.py'>
[ 2024-09-30 18:45:16,276 ] comtypes.client._code_cache - INFO - Using writeable comtypes cache directory: 'C:\Users\kathi\anaconda3\envs\aiassistant\lib\site-packages\comtypes\gen'
[ 2024-09-30 18:48:31,276 ] root - INFO - 
[ 2024-09-30 18:49:01,684 ] root - INFO - 
[ 2024-09-30 18:50:12,652 ] comtypes.client._code_cache - INFO - Imported existing <module 'comtypes.gen' from 'C:\\Users\\kathi\\anaconda3\\envs\\aiassistant\\lib\\site-packages\\comtypes\\gen\\__init__.py'>
[ 2024-09-30 18:50:12,652 ] comtypes.client._code_cache - INFO - Using writeable comtypes cache directory: 'C:\Users\kathi\anaconda3\envs\aiassistant\lib\site-packages\comtypes\gen'
[ 2024-09-30 18:50:54,338 ] root - INFO - 
[ 2024-09-30 18:52:07,940 ] comtypes.client._code_cache - INFO - Imported existing <module 'comtypes.gen' from 'C:\\Users\\kathi\\anaconda3\\envs\\aiassistant\\lib\\site-packages\\comtypes\\gen\\__init__.py'>
[ 2024-09-30 18:52:07,940 ] comtypes.client._code_cache - INFO - Using writeable comtypes cache directory: 'C:\Users\kathi\anaconda3\envs\aiassistant\lib\site-packages\comtypes\gen'
[ 2024-09-30 18:52:21,694 ] root - INFO - 
[ 2024-09-30 18:52:49,227 ] root - INFO - 
[ 2024-09-30 18:58:00,563 ] comtypes.client._code_cache - INFO - Imported existing <module 'comtypes.gen' from 'C:\\Users\\kathi\\anaconda3\\envs\\aiassistant\\lib\\site-packages\\comtypes\\gen\\__init__.py'>
[ 2024-09-30 18:58:00,563 ] comtypes.client._code_cache - INFO - Using writeable comtypes cache directory: 'C:\Users\kathi\anaconda3\envs\aiassistant\lib\site-packages\comtypes\gen'
[ 2024-09-30 18:58:21,706 ] root - INFO - No file 'music from tamil songs.mp3' found in working directory 'D:\HOPE\Python\Zero to Advance\Mega project\AI Assistant'.
[ 2024-09-30 18:58:29,908 ] root - INFO - No file 'michaela song.mp3' found in working directory 'D:\HOPE\Python\Zero to Advance\Mega project\AI Assistant'.
[ 2024-09-30 18:58:46,297 ] root - INFO - No file 'any songs from youtube music.mp3' found in working directory 'D:\HOPE\Python\Zero to Advance\Mega project\AI Assistant'.
[ 2024-09-30 18:58:52,494 ] root - INFO - 
[ 2024-09-30 19:01:01,717 ] comtypes.client._code_cache - INFO - Imported existing <module 'comtypes.gen' from 'C:\\Users\\kathi\\anaconda3\\envs\\aiassistant\\lib\\site-packages\\comtypes\\gen\\__init__.py'>
[ 2024-09-30 19:01:01,717 ] comtypes.client._code_cache - INFO - Using writeable comtypes cache directory: 'C:\Users\kathi\anaconda3\envs\aiassistant\lib\site-packages\comtypes\gen'
[ 2024-09-30 19:01:17,606 ] root - INFO - No file 'tamil_songs/some tamil songs.mp3.mp3' found in working directory 'D:\HOPE\Python\Zero to Advance\Mega project\AI Assistant'.
[ 2024-09-30 19:01:20,389 ] root - INFO - 
[ 2024-09-30 19:03:31,868 ] comtypes.client._code_cache - INFO - Imported existing <module 'comtypes.gen' from 'C:\\Users\\kathi\\anaconda3\\envs\\aiassistant\\lib\\site-packages\\comtypes\\gen\\__init__.py'>
[ 2024-09-30 19:03:31,868 ] comtypes.client._code_cache - INFO - Using writeable comtypes cache directory: 'C:\Users\kathi\anaconda3\envs\aiassistant\lib\site-packages\comtypes\gen'
[ 2024-09-30 19:03:54,468 ] root - INFO - 
[ 2024-09-30 19:08:16,121 ] comtypes.client._code_cache - INFO - Imported existing <module 'comtypes.gen' from 'C:\\Users\\kathi\\anaconda3\\envs\\aiassistant\\lib\\site-packages\\comtypes\\gen\\__init__.py'>
[ 2024-09-30 19:08:16,121 ] comtypes.client._code_cache - INFO - Using writeable comtypes cache directory: 'C:\Users\kathi\anaconda3\envs\aiassistant\lib\site-packages\comtypes\gen'
[ 2024-09-30 19:09:30,359 ] comtypes.client._code_cache - INFO - Imported existing <module 'comtypes.gen' from 'C:\\Users\\kathi\\anaconda3\\envs\\aiassistant\\lib\\site-packages\\comtypes\\gen\\__init__.py'>
[ 2024-09-30 19:09:30,359 ] comtypes.client._code_cache - INFO - Using writeable comtypes cache directory: 'C:\Users\kathi\anaconda3\envs\aiassistant\lib\site-packages\comtypes\gen'
[ 2024-09-30 19:11:05,840 ] comtypes.client._code_cache - INFO - Imported existing <module 'comtypes.gen' from 'C:\\Users\\kathi\\anaconda3\\envs\\aiassistant\\lib\\site-packages\\comtypes\\gen\\__init__.py'>
[ 2024-09-30 19:11:05,848 ] comtypes.client._code_cache - INFO - Using writeable comtypes cache directory: 'C:\Users\kathi\anaconda3\envs\aiassistant\lib\site-packages\comtypes\gen'
[ 2024-09-30 19:18:28,646 ] comtypes.client._code_cache - INFO - Imported existing <module 'comtypes.gen' from 'C:\\Users\\kathi\\anaconda3\\envs\\aiassistant\\lib\\site-packages\\comtypes\\gen\\__init__.py'>
[ 2024-09-30 19:18:28,646 ] comtypes.client._code_cache - INFO - Using writeable comtypes cache directory: 'C:\Users\kathi\anaconda3\envs\aiassistant\lib\site-packages\comtypes\gen'
[ 2024-10-02 11:31:20,561 ] comtypes.client._code_cache - INFO - Imported existing <module 'comtypes.gen' from 'C:\\Users\\kathi\\anaconda3\\envs\\aiassistant\\lib\\site-packages\\comtypes\\gen\\__init__.py'>
[ 2024-10-02 11:31:20,561 ] comtypes.client._code_cache - INFO - Using writeable comtypes cache directory: 'C:\Users\kathi\anaconda3\envs\aiassistant\lib\site-packages\comtypes\gen'
[ 2024-10-02 11:34:49,894 ] comtypes.client._code_cache - INFO - Imported existing <module 'comtypes.gen' from 'C:\\Users\\kathi\\anaconda3\\envs\\aiassistant\\lib\\site-packages\\comtypes\\gen\\__init__.py'>
[ 2024-10-02 11:34:49,894 ] comtypes.client._code_cache - INFO - Using writeable comtypes cache directory: 'C:\Users\kathi\anaconda3\envs\aiassistant\lib\site-packages\comtypes\gen'
[ 2024-10-02 11:40:15,326 ] comtypes.client._code_cache - INFO - Imported existing <module 'comtypes.gen' from 'C:\\Users\\kathi\\anaconda3\\envs\\aiassistant\\lib\\site-packages\\comtypes\\gen\\__init__.py'>
[ 2024-10-02 11:40:15,326 ] comtypes.client._code_cache - INFO - Using writeable comtypes cache directory: 'C:\Users\kathi\anaconda3\envs\aiassistant\lib\site-packages\comtypes\gen'
[ 2024-10-02 11:44:26,135 ] comtypes.client._code_cache - INFO - Imported existing <module 'comtypes.gen' from 'C:\\Users\\kathi\\anaconda3\\envs\\aiassistant\\lib\\site-packages\\comtypes\\gen\\__init__.py'>
[ 2024-10-02 11:44:26,135 ] comtypes.client._code_cache - INFO - Using writeable comtypes cache directory: 'C:\Users\kathi\anaconda3\envs\aiassistant\lib\site-packages\comtypes\gen'
[ 2024-10-02 11:44:30,327 ] root - INFO - 
[ 2024-10-02 11:45:09,428 ] root - INFO - 
[ 2024-10-02 11:45:37,998 ] comtypes.client._code_cache - INFO - Imported existing <module 'comtypes.gen' from 'C:\\Users\\kathi\\anaconda3\\envs\\aiassistant\\lib\\site-packages\\comtypes\\gen\\__init__.py'>
[ 2024-10-02 11:45:37,998 ] comtypes.client._code_cache - INFO - Using writeable comtypes cache directory: 'C:\Users\kathi\anaconda3\envs\aiassistant\lib\site-packages\comtypes\gen'
[ 2024-10-02 11:45:55,052 ] comtypes.client._code_cache - INFO - Imported existing <module 'comtypes.gen' from 'C:\\Users\\kathi\\anaconda3\\envs\\aiassistant\\lib\\site-packages\\comtypes\\gen\\__init__.py'>
[ 2024-10-02 11:45:55,052 ] comtypes.client._code_cache - INFO - Using writeable comtypes cache directory: 'C:\Users\kathi\anaconda3\envs\aiassistant\lib\site-packages\comtypes\gen'
[ 2024-10-02 12:08:38,662 ] comtypes.client._code_cache - INFO - Imported existing <module 'comtypes.gen' from 'C:\\Users\\kathi\\anaconda3\\envs\\aiassistant\\lib\\site-packages\\comtypes\\gen\\__init__.py'>
[ 2024-10-02 12:08:38,663 ] comtypes.client._code_cache - INFO - Using writeable comtypes cache directory: 'C:\Users\kathi\anaconda3\envs\aiassistant\lib\site-packages\comtypes\gen'
[ 2024-10-02 12:26:03,647 ] comtypes.client._code_cache - INFO - Imported existing <module 'comtypes.gen' from 'C:\\Users\\kathi\\anaconda3\\envs\\aiassistant\\lib\\site-packages\\comtypes\\gen\\__init__.py'>
[ 2024-10-02 12:26:03,647 ] comtypes.client._code_cache - INFO - Using writeable comtypes cache directory: 'C:\Users\kathi\anaconda3\envs\aiassistant\lib\site-packages\comtypes\gen'
[ 2024-10-02 12:41:12,412 ] comtypes.client._code_cache - INFO - Could not import comtypes.gen, trying to create it.
[ 2024-10-02 12:41:12,412 ] comtypes.client._code_cache - INFO - Created comtypes.gen directory: 'C:\Users\kathi\anaconda3\envs\aiassistant\lib\site-packages\comtypes\gen'
[ 2024-10-02 12:41:12,412 ] comtypes.client._code_cache - INFO - Writing __init__.py file: 'C:\Users\kathi\anaconda3\envs\aiassistant\lib\site-packages\comtypes\gen\__init__.py'
[ 2024-10-02 12:41:12,415 ] comtypes.client._code_cache - INFO - Using writeable comtypes cache directory: 'C:\Users\kathi\anaconda3\envs\aiassistant\lib\site-packages\comtypes\gen'
[ 2024-10-02 12:41:12,455 ] comtypes.client._generate - INFO - Could not import comtypes.gen._C866CA3A_32F7_11D2_9602_00C04F8EE628_0_5_4: No module named 'comtypes.gen._C866CA3A_32F7_11D2_9602_00C04F8EE628_0_5_4'
[ 2024-10-02 12:41:12,458 ] comtypes.client._generate - INFO - # Generating comtypes.gen._C866CA3A_32F7_11D2_9602_00C04F8EE628_0_5_4
[ 2024-10-02 12:41:12,537 ] comtypes.client._generate - INFO - # Generating comtypes.gen.SpeechLib
[ 2024-10-02 12:41:12,544 ] comtypes.client._generate - INFO - Could not import comtypes.gen._00020430_0000_0000_C000_000000000046_0_2_0: No module named 'comtypes.gen._00020430_0000_0000_C000_000000000046_0_2_0'
[ 2024-10-02 12:41:12,544 ] comtypes.client._generate - INFO - # Generating comtypes.gen._00020430_0000_0000_C000_000000000046_0_2_0
[ 2024-10-02 12:41:12,553 ] comtypes.client._generate - INFO - # Generating comtypes.gen.stdole
[ 2024-10-02 12:51:01,915 ] comtypes.client._code_cache - INFO - Imported existing <module 'comtypes.gen' from 'C:\\Users\\kathi\\anaconda3\\envs\\aiassistant\\lib\\site-packages\\comtypes\\gen\\__init__.py'>
[ 2024-10-02 12:51:01,915 ] comtypes.client._code_cache - INFO - Using writeable comtypes cache directory: 'C:\Users\kathi\anaconda3\envs\aiassistant\lib\site-packages\comtypes\gen'
[ 2024-10-02 12:51:48,266 ] comtypes.client._code_cache - INFO - Imported existing <module 'comtypes.gen' from 'C:\\Users\\kathi\\anaconda3\\envs\\aiassistant\\lib\\site-packages\\comtypes\\gen\\__init__.py'>
[ 2024-10-02 12:51:48,266 ] comtypes.client._code_cache - INFO - Using writeable comtypes cache directory: 'C:\Users\kathi\anaconda3\envs\aiassistant\lib\site-packages\comtypes\gen'
[ 2024-10-02 12:52:39,960 ] root - INFO - 
[ 2024-10-02 12:55:09,440 ] comtypes.client._code_cache - INFO - Imported existing <module 'comtypes.gen' from 'C:\\Users\\kathi\\anaconda3\\envs\\aiassistant\\lib\\site-packages\\comtypes\\gen\\__init__.py'>
[ 2024-10-02 12:55:09,440 ] comtypes.client._code_cache - INFO - Using writeable comtypes cache directory: 'C:\Users\kathi\anaconda3\envs\aiassistant\lib\site-packages\comtypes\gen'
[ 2024-10-02 12:56:07,846 ] comtypes.client._code_cache - INFO - Imported existing <module 'comtypes.gen' from 'C:\\Users\\kathi\\anaconda3\\envs\\aiassistant\\lib\\site-packages\\comtypes\\gen\\__init__.py'>
[ 2024-10-02 12:56:07,846 ] comtypes.client._code_cache - INFO - Using writeable comtypes cache directory: 'C:\Users\kathi\anaconda3\envs\aiassistant\lib\site-packages\comtypes\gen'
[ 2024-10-02 13:13:00,012 ] comtypes.client._code_cache - INFO - Imported existing <module 'comtypes.gen' from 'C:\\Users\\kathi\\anaconda3\\envs\\aiassistant\\lib\\site-packages\\comtypes\\gen\\__init__.py'>
[ 2024-10-02 13:13:00,012 ] comtypes.client._code_cache - INFO - Using writeable comtypes cache directory: 'C:\Users\kathi\anaconda3\envs\aiassistant\lib\site-packages\comtypes\gen'
[ 2024-10-02 13:13:15,842 ] root - INFO - 
[ 2024-10-02 13:13:33,948 ] root - INFO - 
[ 2024-10-02 13:13:42,225 ] root - INFO - 
[ 2024-10-02 13:13:57,440 ] root - INFO - 
[ 2024-10-02 13:14:19,479 ] root - INFO - 
[ 2024-10-02 13:14:36,590 ] root - INFO - 
[ 2024-10-02 13:14:51,240 ] root - INFO - 
[ 2024-10-02 13:15:03,086 ] root - INFO - 
[ 2024-10-02 13:15:14,692 ] root - INFO - 
[ 2024-10-02 13:15:44,980 ] root - INFO - 
[ 2024-10-02 13:16:00,089 ] root - INFO - 
[ 2024-10-02 13:19:00,536 ] comtypes.client._code_cache - INFO - Imported existing <module 'comtypes.gen' from 'C:\\Users\\kathi\\anaconda3\\envs\\aiassistant\\lib\\site-packages\\comtypes\\gen\\__init__.py'>
[ 2024-10-02 13:19:00,536 ] comtypes.client._code_cache - INFO - Using writeable comtypes cache directory: 'C:\Users\kathi\anaconda3\envs\aiassistant\lib\site-packages\comtypes\gen'
[ 2024-10-02 13:19:23,190 ] root - INFO - 
[ 2024-10-02 13:19:28,470 ] root - INFO - 
[ 2024-10-02 13:20:08,976 ] root - INFO - 
[ 2024-10-02 13:21:48,677 ] comtypes.client._code_cache - INFO - Imported existing <module 'comtypes.gen' from 'C:\\Users\\kathi\\anaconda3\\envs\\aiassistant\\lib\\site-packages\\comtypes\\gen\\__init__.py'>
[ 2024-10-02 13:21:48,677 ] comtypes.client._code_cache - INFO - Using writeable comtypes cache directory: 'C:\Users\kathi\anaconda3\envs\aiassistant\lib\site-packages\comtypes\gen'
[ 2024-10-02 13:22:03,102 ] root - INFO - 
[ 2024-10-02 13:25:14,240 ] comtypes.client._code_cache - INFO - Imported existing <module 'comtypes.gen' from 'C:\\Users\\kathi\\anaconda3\\envs\\aiassistant\\lib\\site-packages\\comtypes\\gen\\__init__.py'>
[ 2024-10-02 13:25:14,240 ] comtypes.client._code_cache - INFO - Using writeable comtypes cache directory: 'C:\Users\kathi\anaconda3\envs\aiassistant\lib\site-packages\comtypes\gen'
[ 2024-10-02 13:25:28,480 ] root - INFO - 
[ 2024-10-02 14:48:50,117 ] comtypes.client._code_cache - INFO - Imported existing <module 'comtypes.gen' from 'C:\\Users\\kathi\\anaconda3\\envs\\aiassistant\\lib\\site-packages\\comtypes\\gen\\__init__.py'>
[ 2024-10-02 14:48:50,117 ] comtypes.client._code_cache - INFO - Using writeable comtypes cache directory: 'C:\Users\kathi\anaconda3\envs\aiassistant\lib\site-packages\comtypes\gen'
[ 2024-10-02 14:49:18,253 ] root - INFO - 
[ 2024-10-02 14:49:37,412 ] root - INFO - 
[ 2024-10-02 14:50:24,373 ] comtypes.client._code_cache - INFO - Imported existing <module 'comtypes.gen' from 'C:\\Users\\kathi\\anaconda3\\envs\\aiassistant\\lib\\site-packages\\comtypes\\gen\\__init__.py'>
[ 2024-10-02 14:50:24,373 ] comtypes.client._code_cache - INFO - Using writeable comtypes cache directory: 'C:\Users\kathi\anaconda3\envs\aiassistant\lib\site-packages\comtypes\gen'
[ 2024-10-02 14:53:09,004 ] comtypes.client._code_cache - INFO - Imported existing <module 'comtypes.gen' from 'C:\\Users\\kathi\\anaconda3\\envs\\aiassistant\\lib\\site-packages\\comtypes\\gen\\__init__.py'>
[ 2024-10-02 14:53:09,004 ] comtypes.client._code_cache - INFO - Using writeable comtypes cache directory: 'C:\Users\kathi\anaconda3\envs\aiassistant\lib\site-packages\comtypes\gen'
[ 2024-10-02 14:53:35,763 ] root - INFO - 
[ 2024-10-02 14:53:57,790 ] root - INFO - 
[ 2024-10-02 14:54:05,456 ] comtypes.client._code_cache - INFO - Imported existing <module 'comtypes.gen' from 'C:\\Users\\kathi\\anaconda3\\envs\\aiassistant\\lib\\site-packages\\comtypes\\gen\\__init__.py'>
[ 2024-10-02 14:54:05,456 ] comtypes.client._code_cache - INFO - Using writeable comtypes cache directory: 'C:\Users\kathi\anaconda3\envs\aiassistant\lib\site-packages\comtypes\gen'
[ 2024-10-02 14:56:31,747 ] comtypes.client._code_cache - INFO - Imported existing <module 'comtypes.gen' from 'C:\\Users\\kathi\\anaconda3\\envs\\aiassistant\\lib\\site-packages\\comtypes\\gen\\__init__.py'>
[ 2024-10-02 14:56:31,747 ] comtypes.client._code_cache - INFO - Using writeable comtypes cache directory: 'C:\Users\kathi\anaconda3\envs\aiassistant\lib\site-packages\comtypes\gen'
[ 2024-10-02 14:58:44,164 ] root - INFO - 
[ 2024-10-02 15:01:50,387 ] comtypes.client._code_cache - INFO - Imported existing <module 'comtypes.gen' from 'C:\\Users\\kathi\\anaconda3\\envs\\aiassistant\\lib\\site-packages\\comtypes\\gen\\__init__.py'>
[ 2024-10-02 15:01:50,387 ] comtypes.client._code_cache - INFO - Using writeable comtypes cache directory: 'C:\Users\kathi\anaconda3\envs\aiassistant\lib\site-packages\comtypes\gen'
[ 2024-10-02 15:03:53,978 ] comtypes.client._code_cache - INFO - Imported existing <module 'comtypes.gen' from 'C:\\Users\\kathi\\anaconda3\\envs\\aiassistant\\lib\\site-packages\\comtypes\\gen\\__init__.py'>
[ 2024-10-02 15:03:53,979 ] comtypes.client._code_cache - INFO - Using writeable comtypes cache directory: 'C:\Users\kathi\anaconda3\envs\aiassistant\lib\site-packages\comtypes\gen'
[ 2024-10-02 15:06:48,892 ] comtypes.client._code_cache - INFO - Imported existing <module 'comtypes.gen' from 'C:\\Users\\kathi\\anaconda3\\envs\\aiassistant\\lib\\site-packages\\comtypes\\gen\\__init__.py'>
[ 2024-10-02 15:06:48,892 ] comtypes.client._code_cache - INFO - Using writeable comtypes cache directory: 'C:\Users\kathi\anaconda3\envs\aiassistant\lib\site-packages\comtypes\gen'
